{"/Users/erwin/Projects/cms/cms-api/src/_helpers/jwt.js": {"path":"/Users/erwin/Projects/cms/cms-api/src/_helpers/jwt.js","statementMap":{"0":{"start":{"line":1,"column":12},"end":{"line":1,"column":35}},"1":{"start":{"line":3,"column":26},"end":{"line":3,"column":33}},"2":{"start":{"line":4,"column":27},"end":{"line":4,"column":31}},"3":{"start":{"line":5,"column":15},"end":{"line":7,"column":1}},"4":{"start":{"line":10,"column":2},"end":{"line":21,"column":4}},"5":{"start":{"line":11,"column":4},"end":{"line":11,"column":84}},"6":{"start":{"line":11,"column":20},"end":{"line":11,"column":84}},"7":{"start":{"line":13,"column":4},"end":{"line":20,"column":7}},"8":{"start":{"line":18,"column":6},"end":{"line":18,"column":27}},"9":{"start":{"line":18,"column":15},"end":{"line":18,"column":27}},"10":{"start":{"line":19,"column":6},"end":{"line":19,"column":21}},"11":{"start":{"line":25,"column":2},"end":{"line":35,"column":5}},"12":{"start":{"line":26,"column":4},"end":{"line":26,"column":84}},"13":{"start":{"line":26,"column":20},"end":{"line":26,"column":84}},"14":{"start":{"line":28,"column":4},"end":{"line":34,"column":7}},"15":{"start":{"line":32,"column":6},"end":{"line":32,"column":27}},"16":{"start":{"line":32,"column":15},"end":{"line":32,"column":27}},"17":{"start":{"line":33,"column":6},"end":{"line":33,"column":30}},"18":{"start":{"line":38,"column":0},"end":{"line":41,"column":2}}},"fnMap":{"0":{"name":"generateToken","decl":{"start":{"line":9,"column":9},"end":{"line":9,"column":22}},"loc":{"start":{"line":9,"column":52},"end":{"line":22,"column":1}},"line":9},"1":{"name":"(anonymous_1)","decl":{"start":{"line":10,"column":21},"end":{"line":10,"column":22}},"loc":{"start":{"line":10,"column":42},"end":{"line":21,"column":3}},"line":10},"2":{"name":"(anonymous_2)","decl":{"start":{"line":17,"column":7},"end":{"line":17,"column":8}},"loc":{"start":{"line":17,"column":23},"end":{"line":20,"column":5}},"line":17},"3":{"name":"verifyToken","decl":{"start":{"line":24,"column":9},"end":{"line":24,"column":20}},"loc":{"start":{"line":24,"column":48},"end":{"line":36,"column":1}},"line":24},"4":{"name":"(anonymous_4)","decl":{"start":{"line":25,"column":21},"end":{"line":25,"column":22}},"loc":{"start":{"line":25,"column":42},"end":{"line":35,"column":3}},"line":25},"5":{"name":"(anonymous_5)","decl":{"start":{"line":31,"column":7},"end":{"line":31,"column":8}},"loc":{"start":{"line":31,"column":32},"end":{"line":34,"column":5}},"line":31}},"branchMap":{"0":{"loc":{"start":{"line":11,"column":4},"end":{"line":11,"column":84}},"type":"if","locations":[{"start":{"line":11,"column":4},"end":{"line":11,"column":84}},{"start":{"line":11,"column":4},"end":{"line":11,"column":84}}],"line":11},"1":{"loc":{"start":{"line":18,"column":6},"end":{"line":18,"column":27}},"type":"if","locations":[{"start":{"line":18,"column":6},"end":{"line":18,"column":27}},{"start":{"line":18,"column":6},"end":{"line":18,"column":27}}],"line":18},"2":{"loc":{"start":{"line":26,"column":4},"end":{"line":26,"column":84}},"type":"if","locations":[{"start":{"line":26,"column":4},"end":{"line":26,"column":84}},{"start":{"line":26,"column":4},"end":{"line":26,"column":84}}],"line":26},"3":{"loc":{"start":{"line":32,"column":6},"end":{"line":32,"column":27}},"type":"if","locations":[{"start":{"line":32,"column":6},"end":{"line":32,"column":27}},{"start":{"line":32,"column":6},"end":{"line":32,"column":27}}],"line":32}},"s":{"0":1,"1":1,"2":1,"3":1,"4":4,"5":4,"6":1,"7":3,"8":3,"9":0,"10":3,"11":3,"12":3,"13":1,"14":2,"15":2,"16":1,"17":2,"18":1},"f":{"0":4,"1":4,"2":3,"3":3,"4":3,"5":2},"b":{"0":[1,3],"1":[0,3],"2":[1,2],"3":[1,1]},"_coverageSchema":"43e27e138ebf9cfc5966b082cf9a028302ed4184","hash":"5cfc5a765e25145e3baa59656ebbe9626bac20bc"}
,"/Users/erwin/Projects/cms/cms-api/src/_helpers/password.js": {"path":"/Users/erwin/Projects/cms/cms-api/src/_helpers/password.js","statementMap":{"0":{"start":{"line":1,"column":15},"end":{"line":1,"column":32}},"1":{"start":{"line":3,"column":20},"end":{"line":3,"column":22}},"2":{"start":{"line":4,"column":15},"end":{"line":6,"column":1}},"3":{"start":{"line":9,"column":2},"end":{"line":10,"column":44}},"4":{"start":{"line":10,"column":28},"end":{"line":10,"column":42}},"5":{"start":{"line":14,"column":2},"end":{"line":18,"column":7}},"6":{"start":{"line":16,"column":6},"end":{"line":16,"column":90}},"7":{"start":{"line":16,"column":19},"end":{"line":16,"column":90}},"8":{"start":{"line":17,"column":6},"end":{"line":17,"column":31}},"9":{"start":{"line":21,"column":0},"end":{"line":24,"column":2}}},"fnMap":{"0":{"name":"createHashedPassword","decl":{"start":{"line":8,"column":9},"end":{"line":8,"column":29}},"loc":{"start":{"line":8,"column":49},"end":{"line":11,"column":1}},"line":8},"1":{"name":"(anonymous_1)","decl":{"start":{"line":10,"column":10},"end":{"line":10,"column":11}},"loc":{"start":{"line":10,"column":28},"end":{"line":10,"column":42}},"line":10},"2":{"name":"comparePasswords","decl":{"start":{"line":13,"column":9},"end":{"line":13,"column":25}},"loc":{"start":{"line":13,"column":61},"end":{"line":19,"column":1}},"line":13},"3":{"name":"(anonymous_3)","decl":{"start":{"line":15,"column":10},"end":{"line":15,"column":11}},"loc":{"start":{"line":15,"column":22},"end":{"line":18,"column":5}},"line":15}},"branchMap":{"0":{"loc":{"start":{"line":16,"column":6},"end":{"line":16,"column":90}},"type":"if","locations":[{"start":{"line":16,"column":6},"end":{"line":16,"column":90}},{"start":{"line":16,"column":6},"end":{"line":16,"column":90}}],"line":16}},"s":{"0":1,"1":1,"2":1,"3":4,"4":4,"5":2,"6":2,"7":1,"8":1,"9":1},"f":{"0":4,"1":4,"2":2,"3":2},"b":{"0":[1,1]},"_coverageSchema":"43e27e138ebf9cfc5966b082cf9a028302ed4184","hash":"3d9b6765450170f4799212769149390ba7d40eec"}
,"/Users/erwin/Projects/cms/cms-api/src/_helpers/validator.js": {"path":"/Users/erwin/Projects/cms/cms-api/src/_helpers/validator.js","statementMap":{"0":{"start":{"line":1,"column":18},"end":{"line":1,"column":46}},"1":{"start":{"line":3,"column":15},"end":{"line":6,"column":1}},"2":{"start":{"line":9,"column":2},"end":{"line":18,"column":6}},"3":{"start":{"line":11,"column":6},"end":{"line":15,"column":9}},"4":{"start":{"line":12,"column":8},"end":{"line":14,"column":9}},"5":{"start":{"line":13,"column":10},"end":{"line":13,"column":91}},"6":{"start":{"line":17,"column":6},"end":{"line":17,"column":17}},"7":{"start":{"line":22,"column":2},"end":{"line":38,"column":7}},"8":{"start":{"line":24,"column":6},"end":{"line":35,"column":9}},"9":{"start":{"line":25,"column":27},"end":{"line":25,"column":43}},"10":{"start":{"line":26,"column":53},"end":{"line":26,"column":63}},"11":{"start":{"line":28,"column":8},"end":{"line":34,"column":9}},"12":{"start":{"line":29,"column":10},"end":{"line":33,"column":13}},"13":{"start":{"line":37,"column":6},"end":{"line":37,"column":17}},"14":{"start":{"line":41,"column":0},"end":{"line":44,"column":1}}},"fnMap":{"0":{"name":"requiredObjProps","decl":{"start":{"line":8,"column":9},"end":{"line":8,"column":25}},"loc":{"start":{"line":8,"column":48},"end":{"line":19,"column":1}},"line":8},"1":{"name":"(anonymous_1)","decl":{"start":{"line":10,"column":10},"end":{"line":10,"column":11}},"loc":{"start":{"line":10,"column":16},"end":{"line":18,"column":5}},"line":10},"2":{"name":"(anonymous_2)","decl":{"start":{"line":11,"column":25},"end":{"line":11,"column":26}},"loc":{"start":{"line":11,"column":39},"end":{"line":15,"column":7}},"line":11},"3":{"name":"validateObj","decl":{"start":{"line":21,"column":9},"end":{"line":21,"column":20}},"loc":{"start":{"line":21,"column":39},"end":{"line":39,"column":1}},"line":21},"4":{"name":"(anonymous_4)","decl":{"start":{"line":23,"column":10},"end":{"line":23,"column":11}},"loc":{"start":{"line":23,"column":16},"end":{"line":38,"column":5}},"line":23},"5":{"name":"(anonymous_5)","decl":{"start":{"line":24,"column":39},"end":{"line":24,"column":40}},"loc":{"start":{"line":24,"column":48},"end":{"line":35,"column":7}},"line":24}},"branchMap":{"0":{"loc":{"start":{"line":8,"column":31},"end":{"line":8,"column":46}},"type":"default-arg","locations":[{"start":{"line":8,"column":44},"end":{"line":8,"column":46}}],"line":8},"1":{"loc":{"start":{"line":12,"column":8},"end":{"line":14,"column":9}},"type":"if","locations":[{"start":{"line":12,"column":8},"end":{"line":14,"column":9}},{"start":{"line":12,"column":8},"end":{"line":14,"column":9}}],"line":12},"2":{"loc":{"start":{"line":28,"column":8},"end":{"line":34,"column":9}},"type":"if","locations":[{"start":{"line":28,"column":8},"end":{"line":34,"column":9}},{"start":{"line":28,"column":8},"end":{"line":34,"column":9}}],"line":28},"3":{"loc":{"start":{"line":28,"column":57},"end":{"line":28,"column":69}},"type":"binary-expr","locations":[{"start":{"line":28,"column":57},"end":{"line":28,"column":63}},{"start":{"line":28,"column":67},"end":{"line":28,"column":69}}],"line":28}},"s":{"0":1,"1":1,"2":3,"3":3,"4":6,"5":1,"6":2,"7":4,"8":4,"9":4,"10":4,"11":4,"12":2,"13":2,"14":1},"f":{"0":3,"1":3,"2":6,"3":4,"4":4,"5":4},"b":{"0":[0],"1":[1,5],"2":[2,2],"3":[4,2]},"_coverageSchema":"43e27e138ebf9cfc5966b082cf9a028302ed4184","hash":"22996b02591e842f80db2591c50b7d0ca428611d"}
}
