TN:
SF:/Users/erwin/Projects/cms/cms-api/coverage/lcov-report/block-navigation.js
FN:2,init
FN:24,toggleClass
FN:31,makeCurrent
FN:41,goToPrevious
FN:52,goToNext
FN:65,jump
FNF:6
FNH:0
FNDA:0,init
FNDA:0,toggleClass
FNDA:0,makeCurrent
FNDA:0,goToPrevious
FNDA:0,goToNext
FNDA:0,jump
DA:2,0
DA:4,0
DA:7,0
DA:10,0
DA:14,0
DA:20,0
DA:25,0
DA:28,0
DA:32,0
DA:33,0
DA:34,0
DA:42,0
DA:43,0
DA:44,0
DA:45,0
DA:46,0
DA:49,0
DA:53,0
DA:55,0
DA:59,0
DA:62,0
DA:65,0
DA:66,0
DA:69,0
DA:70,0
DA:74,0
DA:75,0
DA:79,0
LF:28
LH:0
BRDA:43,0,0,0
BRDA:43,0,1,0
BRDA:43,1,0,0
BRDA:43,1,1,0
BRDA:45,2,0,0
BRDA:45,2,1,0
BRDA:55,3,0,0
BRDA:55,3,1,0
BRDA:56,4,0,0
BRDA:56,4,1,0
BRDA:66,5,0,0
BRDA:66,5,1,0
BRDA:66,5,2,0
BRDA:66,5,3,0
BRDA:66,5,4,0
BRF:15
BRH:0
end_of_record
TN:
SF:/Users/erwin/Projects/cms/cms-api/coverage/lcov-report/prettify.js
FN:2,(anonymous_0)
FN:2,k
FN:2,ab
FN:2,T
FN:2,X
FN:2,(anonymous_5)
FN:2,W
FN:2,(anonymous_7)
FN:2,a
FN:2,aa
FN:2,B
FN:2,o
FN:2,g
FN:2,(anonymous_13)
FN:2,(anonymous_14)
FN:2,i
FN:2,Q
FN:2,ae
FN:2,ad
FN:2,ai
FN:2,D
FN:2,c
FN:2,q
FN:2,d
FN:2,y
FN:2,b
FN:2,Y
FN:2,(anonymous_27)
FN:2,U
FNF:29
FNH:0
FNDA:0,(anonymous_0)
FNDA:0,k
FNDA:0,ab
FNDA:0,T
FNDA:0,X
FNDA:0,(anonymous_5)
FNDA:0,W
FNDA:0,(anonymous_7)
FNDA:0,a
FNDA:0,aa
FNDA:0,B
FNDA:0,o
FNDA:0,g
FNDA:0,(anonymous_13)
FNDA:0,(anonymous_14)
FNDA:0,i
FNDA:0,Q
FNDA:0,ae
FNDA:0,ad
FNDA:0,ai
FNDA:0,D
FNDA:0,c
FNDA:0,q
FNDA:0,d
FNDA:0,y
FNDA:0,b
FNDA:0,Y
FNDA:0,(anonymous_27)
FNDA:0,U
DA:2,0
LF:1
LH:0
BRDA:2,0,0,0
BRDA:2,0,1,0
BRDA:2,1,0,0
BRDA:2,1,1,0
BRDA:2,2,0,0
BRDA:2,2,1,0
BRDA:2,3,0,0
BRDA:2,3,1,0
BRDA:2,4,0,0
BRDA:2,4,1,0
BRDA:2,5,0,0
BRDA:2,5,1,0
BRDA:2,6,0,0
BRDA:2,6,1,0
BRDA:2,7,0,0
BRDA:2,7,1,0
BRDA:2,8,0,0
BRDA:2,8,1,0
BRDA:2,9,0,0
BRDA:2,9,1,0
BRDA:2,10,0,0
BRDA:2,10,1,0
BRDA:2,11,0,0
BRDA:2,11,1,0
BRDA:2,11,2,0
BRDA:2,11,3,0
BRDA:2,12,0,0
BRDA:2,12,1,0
BRDA:2,13,0,0
BRDA:2,13,1,0
BRDA:2,14,0,0
BRDA:2,14,1,0
BRDA:2,15,0,0
BRDA:2,15,1,0
BRDA:2,16,0,0
BRDA:2,16,1,0
BRDA:2,17,0,0
BRDA:2,17,1,0
BRDA:2,18,0,0
BRDA:2,18,1,0
BRDA:2,19,0,0
BRDA:2,19,1,0
BRDA:2,20,0,0
BRDA:2,20,1,0
BRDA:2,21,0,0
BRDA:2,21,1,0
BRDA:2,22,0,0
BRDA:2,22,1,0
BRDA:2,23,0,0
BRDA:2,23,1,0
BRDA:2,24,0,0
BRDA:2,24,1,0
BRDA:2,25,0,0
BRDA:2,25,1,0
BRDA:2,26,0,0
BRDA:2,26,1,0
BRDA:2,27,0,0
BRDA:2,27,1,0
BRDA:2,28,0,0
BRDA:2,28,1,0
BRDA:2,29,0,0
BRDA:2,29,1,0
BRDA:2,30,0,0
BRDA:2,30,1,0
BRDA:2,31,0,0
BRDA:2,31,1,0
BRDA:2,32,0,0
BRDA:2,32,1,0
BRDA:2,33,0,0
BRDA:2,33,1,0
BRDA:2,34,0,0
BRDA:2,34,1,0
BRDA:2,35,0,0
BRDA:2,35,1,0
BRDA:2,36,0,0
BRDA:2,36,1,0
BRDA:2,37,0,0
BRDA:2,37,1,0
BRDA:2,38,0,0
BRDA:2,38,1,0
BRDA:2,39,0,0
BRDA:2,39,1,0
BRDA:2,40,0,0
BRDA:2,40,1,0
BRDA:2,41,0,0
BRDA:2,41,1,0
BRDA:2,42,0,0
BRDA:2,42,1,0
BRDA:2,43,0,0
BRDA:2,43,1,0
BRDA:2,44,0,0
BRDA:2,44,1,0
BRDA:2,45,0,0
BRDA:2,45,1,0
BRDA:2,46,0,0
BRDA:2,46,1,0
BRDA:2,47,0,0
BRDA:2,47,1,0
BRDA:2,48,0,0
BRDA:2,48,1,0
BRDA:2,49,0,0
BRDA:2,49,1,0
BRDA:2,50,0,0
BRDA:2,50,1,0
BRDA:2,50,2,0
BRDA:2,51,0,0
BRDA:2,51,1,0
BRDA:2,52,0,0
BRDA:2,52,1,0
BRDA:2,53,0,0
BRDA:2,53,1,0
BRDA:2,54,0,0
BRDA:2,54,1,0
BRDA:2,55,0,0
BRDA:2,55,1,0
BRDA:2,56,0,0
BRDA:2,56,1,0
BRDA:2,57,0,0
BRDA:2,57,1,0
BRDA:2,58,0,0
BRDA:2,58,1,0
BRDA:2,59,0,0
BRDA:2,59,1,0
BRDA:2,60,0,0
BRDA:2,60,1,0
BRDA:2,61,0,0
BRDA:2,61,1,0
BRDA:2,62,0,0
BRDA:2,62,1,0
BRDA:2,63,0,0
BRDA:2,63,1,0
BRDA:2,64,0,0
BRDA:2,64,1,0
BRDA:2,65,0,0
BRDA:2,65,1,0
BRDA:2,66,0,0
BRDA:2,66,1,0
BRDA:2,67,0,0
BRDA:2,67,1,0
BRDA:2,68,0,0
BRDA:2,68,1,0
BRDA:2,69,0,0
BRDA:2,69,1,0
BRDA:2,70,0,0
BRDA:2,70,1,0
BRDA:2,71,0,0
BRDA:2,71,1,0
BRDA:2,72,0,0
BRDA:2,72,1,0
BRDA:2,73,0,0
BRDA:2,73,1,0
BRDA:2,74,0,0
BRDA:2,74,1,0
BRDA:2,75,0,0
BRDA:2,75,1,0
BRDA:2,76,0,0
BRDA:2,76,1,0
BRDA:2,77,0,0
BRDA:2,77,1,0
BRDA:2,78,0,0
BRDA:2,78,1,0
BRDA:2,79,0,0
BRDA:2,79,1,0
BRDA:2,80,0,0
BRDA:2,80,1,0
BRDA:2,81,0,0
BRDA:2,81,1,0
BRDA:2,82,0,0
BRDA:2,82,1,0
BRDA:2,83,0,0
BRDA:2,83,1,0
BRDA:2,84,0,0
BRDA:2,84,1,0
BRDA:2,85,0,0
BRDA:2,85,1,0
BRDA:2,86,0,0
BRDA:2,86,1,0
BRDA:2,87,0,0
BRDA:2,87,1,0
BRDA:2,88,0,0
BRDA:2,88,1,0
BRDA:2,89,0,0
BRDA:2,89,1,0
BRDA:2,89,2,0
BRDA:2,90,0,0
BRDA:2,90,1,0
BRDA:2,91,0,0
BRDA:2,91,1,0
BRDA:2,92,0,0
BRDA:2,92,1,0
BRDA:2,93,0,0
BRDA:2,93,1,0
BRDA:2,94,0,0
BRDA:2,94,1,0
BRDA:2,95,0,0
BRDA:2,95,1,0
BRDA:2,96,0,0
BRDA:2,96,1,0
BRDA:2,97,0,0
BRDA:2,97,1,0
BRDA:2,98,0,0
BRDA:2,98,1,0
BRDA:2,99,0,0
BRDA:2,99,1,0
BRDA:2,100,0,0
BRDA:2,100,1,0
BRDA:2,101,0,0
BRDA:2,101,1,0
BRDA:2,102,0,0
BRDA:2,102,1,0
BRDA:2,103,0,0
BRDA:2,103,1,0
BRDA:2,104,0,0
BRDA:2,104,1,0
BRDA:2,105,0,0
BRDA:2,105,1,0
BRDA:2,106,0,0
BRDA:2,106,1,0
BRDA:2,107,0,0
BRDA:2,107,1,0
BRDA:2,108,0,0
BRDA:2,108,1,0
BRDA:2,109,0,0
BRDA:2,109,1,0
BRDA:2,110,0,0
BRDA:2,110,1,0
BRDA:2,111,0,0
BRDA:2,111,1,0
BRDA:2,112,0,0
BRDA:2,112,1,0
BRDA:2,113,0,0
BRDA:2,113,1,0
BRDA:2,114,0,0
BRDA:2,114,1,0
BRDA:2,115,0,0
BRDA:2,115,1,0
BRDA:2,116,0,0
BRDA:2,116,1,0
BRDA:2,117,0,0
BRDA:2,117,1,0
BRDA:2,118,0,0
BRDA:2,118,1,0
BRDA:2,119,0,0
BRDA:2,119,1,0
BRDA:2,120,0,0
BRDA:2,120,1,0
BRDA:2,121,0,0
BRDA:2,121,1,0
BRDA:2,122,0,0
BRDA:2,122,1,0
BRDA:2,123,0,0
BRDA:2,123,1,0
BRDA:2,124,0,0
BRDA:2,124,1,0
BRDA:2,125,0,0
BRDA:2,125,1,0
BRDA:2,126,0,0
BRDA:2,126,1,0
BRDA:2,127,0,0
BRDA:2,127,1,0
BRDA:2,128,0,0
BRDA:2,128,1,0
BRDA:2,128,2,0
BRDA:2,129,0,0
BRDA:2,129,1,0
BRDA:2,130,0,0
BRDA:2,130,1,0
BRDA:2,131,0,0
BRDA:2,131,1,0
BRDA:2,131,2,0
BRDA:2,131,3,0
BRDA:2,131,4,0
BRDA:2,132,0,0
BRDA:2,132,1,0
BRDA:2,133,0,0
BRDA:2,133,1,0
BRDA:2,134,0,0
BRDA:2,134,1,0
BRDA:2,135,0,0
BRDA:2,135,1,0
BRDA:2,136,0,0
BRDA:2,136,1,0
BRDA:2,137,0,0
BRDA:2,137,1,0
BRDA:2,138,0,0
BRDA:2,138,1,0
BRF:286
BRH:0
end_of_record
TN:
SF:/Users/erwin/Projects/cms/cms-api/coverage/lcov-report/sorter.js
FN:2,(anonymous_0)
FN:11,getTable
FN:15,getTableHeader
FN:19,getTableBody
FN:23,getNthColumn
FN:28,loadColumns
FN:53,loadRowData
FN:72,loadData
FN:81,sortByIndex
FN:83,(anonymous_9)
FN:95,(anonymous_10)
FN:112,removeSortIndicators
FN:120,addSortIndicators
FN:126,enableUI
FN:129,ithSorter
FN:132,(anonymous_15)
FN:159,(anonymous_16)
FNF:17
FNH:0
FNDA:0,(anonymous_0)
FNDA:0,getTable
FNDA:0,getTableHeader
FNDA:0,getTableBody
FNDA:0,getNthColumn
FNDA:0,loadColumns
FNDA:0,loadRowData
FNDA:0,loadData
FNDA:0,sortByIndex
FNDA:0,(anonymous_9)
FNDA:0,(anonymous_10)
FNDA:0,removeSortIndicators
FNDA:0,addSortIndicators
FNDA:0,enableUI
FNDA:0,ithSorter
FNDA:0,(anonymous_15)
FNDA:0,(anonymous_16)
DA:2,0
DA:5,0
DA:12,0
DA:16,0
DA:20,0
DA:24,0
DA:29,0
DA:31,0
DA:35,0
DA:36,0
DA:37,0
DA:42,0
DA:43,0
DA:44,0
DA:45,0
DA:49,0
DA:54,0
DA:57,0
DA:60,0
DA:61,0
DA:62,0
DA:63,0
DA:64,0
DA:65,0
DA:67,0
DA:69,0
DA:73,0
DA:76,0
DA:77,0
DA:82,0
DA:83,0
DA:84,0
DA:85,0
DA:86,0
DA:88,0
DA:89,0
DA:90,0
DA:91,0
DA:94,0
DA:95,0
DA:96,0
DA:100,0
DA:101,0
DA:102,0
DA:105,0
DA:107,0
DA:108,0
DA:113,0
DA:114,0
DA:116,0
DA:117,0
DA:121,0
DA:129,0
DA:130,0
DA:132,0
DA:133,0
DA:135,0
DA:136,0
DA:138,0
DA:139,0
DA:140,0
DA:141,0
DA:142,0
DA:145,0
DA:146,0
DA:149,0
DA:150,0
DA:151,0
DA:153,0
DA:159,0
DA:160,0
DA:161,0
DA:163,0
DA:164,0
DA:165,0
DA:166,0
DA:170,0
LF:77
LH:0
BRDA:40,0,0,0
BRDA:40,0,1,0
BRDA:43,1,0,0
BRDA:43,1,1,0
BRDA:64,2,0,0
BRDA:64,2,1,0
BRDA:86,3,0,0
BRDA:86,3,1,0
BRDA:86,4,0,0
BRDA:86,4,1,0
BRDA:94,5,0,0
BRDA:94,5,1,0
BRDA:121,6,0,0
BRDA:121,6,1,0
BRDA:135,7,0,0
BRDA:135,7,1,0
BRDA:146,8,0,0
BRDA:146,8,1,0
BRDA:150,9,0,0
BRDA:150,9,1,0
BRDA:160,10,0,0
BRDA:160,10,1,0
BRF:22
BRH:0
end_of_record
TN:
SF:/Users/erwin/Projects/cms/cms-api/src/index.js
FN:14,(anonymous_0)
FNF:1
FNH:0
FNDA:0,(anonymous_0)
DA:1,0
DA:3,0
DA:10,0
DA:12,0
DA:14,0
DA:15,0
LF:6
LH:0
BRDA:6,0,0,0
BRF:1
BRH:0
end_of_record
TN:
SF:/Users/erwin/Projects/cms/cms-api/src/App/index.js
FN:16,createApp
FN:60,(anonymous_1)
FN:67,(anonymous_2)
FN:70,(anonymous_3)
FN:76,(anonymous_4)
FNF:5
FNH:1
FNDA:120,createApp
FNDA:0,(anonymous_1)
FNDA:0,(anonymous_2)
FNDA:0,(anonymous_3)
FNDA:0,(anonymous_4)
DA:1,2
DA:2,2
DA:3,2
DA:4,2
DA:5,2
DA:6,2
DA:7,2
DA:8,2
DA:9,2
DA:10,2
DA:11,2
DA:12,2
DA:13,2
DA:14,2
DA:17,120
DA:19,120
DA:21,120
DA:22,120
DA:23,120
DA:24,120
DA:25,120
DA:26,120
DA:27,120
DA:28,120
DA:34,120
DA:40,120
DA:49,120
DA:51,120
DA:52,120
DA:53,120
DA:54,120
DA:55,120
DA:56,120
DA:57,120
DA:58,120
DA:60,120
DA:61,0
DA:67,120
DA:68,0
DA:71,0
DA:76,120
DA:77,0
DA:78,0
DA:81,120
DA:84,2
LF:45
LH:40
BRF:0
BRH:0
end_of_record
TN:
SF:/Users/erwin/Projects/cms/cms-api/src/App/Asset/_model.js
FN:3,createModel
FNF:1
FNH:1
FNDA:120,createModel
DA:1,2
DA:3,2
DA:4,120
LF:3
LH:3
BRF:0
BRH:0
end_of_record
TN:
SF:/Users/erwin/Projects/cms/cms-api/src/App/Asset/index.js
FN:4,index
FNF:1
FNH:1
FNDA:120,index
DA:1,2
DA:2,2
DA:4,2
DA:5,120
DA:6,120
DA:8,120
LF:6
LH:6
BRF:0
BRH:0
end_of_record
TN:
SF:/Users/erwin/Projects/cms/cms-api/src/App/Category/_model.js
FN:3,createModel
FNF:1
FNH:1
FNDA:120,createModel
DA:1,2
DA:3,2
DA:4,120
LF:3
LH:3
BRF:0
BRH:0
end_of_record
TN:
SF:/Users/erwin/Projects/cms/cms-api/src/App/Category/index.js
FN:4,index
FNF:1
FNH:1
FNDA:120,index
DA:1,2
DA:2,2
DA:4,2
DA:5,120
DA:6,120
DA:8,120
LF:6
LH:6
BRF:0
BRH:0
end_of_record
TN:
SF:/Users/erwin/Projects/cms/cms-api/src/App/Domain/_model.js
FN:3,createModel
FNF:1
FNH:1
FNDA:120,createModel
DA:1,2
DA:3,2
DA:4,120
LF:3
LH:3
BRF:0
BRH:0
end_of_record
TN:
SF:/Users/erwin/Projects/cms/cms-api/src/App/Domain/_routers.js
FN:5,createRouter
FN:12,(anonymous_1)
FN:15,(anonymous_2)
FN:16,(anonymous_3)
FN:19,(anonymous_4)
FN:22,(anonymous_5)
FN:23,(anonymous_6)
FN:26,(anonymous_7)
FN:29,(anonymous_8)
FN:30,(anonymous_9)
FN:33,(anonymous_10)
FN:39,(anonymous_11)
FN:40,(anonymous_12)
FN:43,(anonymous_13)
FN:46,(anonymous_14)
FN:47,(anonymous_15)
FNF:16
FNH:13
FNDA:120,createRouter
FNDA:13,(anonymous_1)
FNDA:13,(anonymous_2)
FNDA:0,(anonymous_3)
FNDA:29,(anonymous_4)
FNDA:25,(anonymous_5)
FNDA:4,(anonymous_6)
FNDA:1,(anonymous_7)
FNDA:1,(anonymous_8)
FNDA:0,(anonymous_9)
FNDA:9,(anonymous_10)
FNDA:4,(anonymous_11)
FNDA:5,(anonymous_12)
FNDA:2,(anonymous_13)
FNDA:2,(anonymous_14)
FNDA:0,(anonymous_15)
DA:1,2
DA:2,2
DA:3,2
DA:6,120
DA:7,120
DA:8,120
DA:10,120
DA:12,120
DA:13,13
DA:15,13
DA:16,0
DA:19,120
DA:20,29
DA:22,25
DA:23,4
DA:26,120
DA:27,1
DA:29,1
DA:30,0
DA:33,120
DA:34,9
DA:39,4
DA:40,5
DA:43,120
DA:44,2
DA:46,2
DA:47,0
DA:50,120
DA:53,2
LF:29
LH:26
BRF:0
BRH:0
end_of_record
TN:
SF:/Users/erwin/Projects/cms/cms-api/src/App/Domain/index.js
FN:4,index
FNF:1
FNH:1
FNDA:120,index
DA:1,2
DA:2,2
DA:4,2
DA:5,120
DA:6,120
DA:8,120
LF:6
LH:6
BRF:0
BRH:0
end_of_record
TN:
SF:/Users/erwin/Projects/cms/cms-api/src/App/Login/_middlewares.js
FN:3,verifyUserLogin
FN:4,(anonymous_1)
FN:7,(anonymous_2)
FN:10,(anonymous_3)
FN:11,(anonymous_4)
FN:14,(anonymous_5)
FN:15,(anonymous_6)
FN:19,(anonymous_7)
FN:27,(anonymous_8)
FNF:9
FNH:1
FNDA:120,verifyUserLogin
FNDA:0,(anonymous_1)
FNDA:0,(anonymous_2)
FNDA:0,(anonymous_3)
FNDA:0,(anonymous_4)
FNDA:0,(anonymous_5)
FNDA:0,(anonymous_6)
FNDA:0,(anonymous_7)
FNDA:0,(anonymous_8)
DA:1,2
DA:4,120
DA:5,0
DA:8,0
DA:10,0
DA:12,0
DA:15,0
DA:20,0
DA:25,0
DA:27,0
DA:31,2
LF:11
LH:3
BRF:0
BRH:0
end_of_record
TN:
SF:/Users/erwin/Projects/cms/cms-api/src/App/Login/_router.js
FN:8,createRouter
FN:13,(anonymous_1)
FN:15,(anonymous_2)
FN:18,(anonymous_3)
FN:26,(anonymous_4)
FN:29,(anonymous_5)
FN:35,(anonymous_6)
FN:46,(anonymous_7)
FN:53,(anonymous_8)
FNF:9
FNH:1
FNDA:120,createRouter
FNDA:0,(anonymous_1)
FNDA:0,(anonymous_2)
FNDA:0,(anonymous_3)
FNDA:0,(anonymous_4)
FNDA:0,(anonymous_5)
FNDA:0,(anonymous_6)
FNDA:0,(anonymous_7)
FNDA:0,(anonymous_8)
DA:1,2
DA:2,2
DA:3,2
DA:4,2
DA:5,2
DA:6,2
DA:9,120
DA:11,120
DA:13,120
DA:14,0
DA:16,0
DA:19,0
DA:27,0
DA:30,0
DA:36,0
DA:47,0
DA:53,0
DA:56,120
DA:59,2
LF:19
LH:11
BRF:0
BRH:0
end_of_record
TN:
SF:/Users/erwin/Projects/cms/cms-api/src/App/Login/index.js
FN:4,index
FNF:1
FNH:1
FNDA:120,index
DA:1,2
DA:2,2
DA:4,2
DA:5,120
DA:7,120
LF:5
LH:5
BRF:0
BRH:0
end_of_record
TN:
SF:/Users/erwin/Projects/cms/cms-api/src/App/Post/_model.js
FN:3,createModel
FNF:1
FNH:1
FNDA:120,createModel
DA:1,2
DA:3,2
DA:4,120
LF:3
LH:3
BRF:0
BRH:0
end_of_record
TN:
SF:/Users/erwin/Projects/cms/cms-api/src/App/Post/index.js
FN:4,index
FNF:1
FNH:1
FNDA:120,index
DA:1,2
DA:2,2
DA:4,2
DA:5,120
DA:6,120
DA:8,120
LF:6
LH:6
BRF:0
BRH:0
end_of_record
TN:
SF:/Users/erwin/Projects/cms/cms-api/src/App/Tag/_model.js
FN:3,createModel
FNF:1
FNH:1
FNDA:120,createModel
DA:1,2
DA:3,2
DA:4,120
LF:3
LH:3
BRF:0
BRH:0
end_of_record
TN:
SF:/Users/erwin/Projects/cms/cms-api/src/App/Tag/index.js
FN:4,index
FNF:1
FNH:1
FNDA:120,index
DA:1,2
DA:2,2
DA:4,2
DA:5,120
DA:6,120
DA:8,120
LF:6
LH:6
BRF:0
BRH:0
end_of_record
TN:
SF:/Users/erwin/Projects/cms/cms-api/src/App/Template/_model.js
FN:3,createModel
FNF:1
FNH:1
FNDA:120,createModel
DA:1,2
DA:3,2
DA:4,120
LF:3
LH:3
BRF:0
BRH:0
end_of_record
TN:
SF:/Users/erwin/Projects/cms/cms-api/src/App/Template/index.js
FN:4,index
FNF:1
FNH:1
FNDA:120,index
DA:1,2
DA:2,2
DA:4,2
DA:5,120
DA:6,120
DA:8,120
LF:6
LH:6
BRF:0
BRH:0
end_of_record
TN:
SF:/Users/erwin/Projects/cms/cms-api/src/App/User/_model.js
FN:3,createModel
FNF:1
FNH:1
FNDA:120,createModel
DA:1,2
DA:3,2
DA:4,120
LF:3
LH:3
BRF:0
BRH:0
end_of_record
TN:
SF:/Users/erwin/Projects/cms/cms-api/src/App/User/_routers.js
FN:8,parseQuery
FN:12,getTransformedData
FN:14,(anonymous_2)
FN:23,createRouter
FN:34,(anonymous_4)
FN:38,(anonymous_5)
FN:39,(anonymous_6)
FN:42,(anonymous_7)
FN:44,(anonymous_8)
FN:45,(anonymous_9)
FN:46,(anonymous_10)
FN:47,(anonymous_11)
FN:50,(anonymous_12)
FN:54,(anonymous_13)
FN:55,(anonymous_14)
FN:58,(anonymous_15)
FN:60,(anonymous_16)
FN:65,(anonymous_17)
FN:66,(anonymous_18)
FN:74,(anonymous_19)
FN:75,(anonymous_20)
FN:78,(anonymous_21)
FN:82,(anonymous_22)
FN:83,(anonymous_23)
FN:86,(anonymous_24)
FN:89,(anonymous_25)
FN:96,(anonymous_26)
FN:97,(anonymous_27)
FNF:28
FNH:21
FNDA:15,parseQuery
FNDA:46,getTransformedData
FNDA:44,(anonymous_2)
FNDA:120,createRouter
FNDA:18,(anonymous_4)
FNDA:18,(anonymous_5)
FNDA:0,(anonymous_6)
FNDA:36,(anonymous_7)
FNDA:35,(anonymous_8)
FNDA:35,(anonymous_9)
FNDA:29,(anonymous_10)
FNDA:7,(anonymous_11)
FNDA:2,(anonymous_12)
FNDA:2,(anonymous_13)
FNDA:0,(anonymous_14)
FNDA:12,(anonymous_15)
FNDA:12,(anonymous_16)
FNDA:11,(anonymous_17)
FNDA:11,(anonymous_18)
FNDA:4,(anonymous_19)
FNDA:8,(anonymous_20)
FNDA:2,(anonymous_21)
FNDA:2,(anonymous_22)
FNDA:0,(anonymous_23)
FNDA:0,(anonymous_24)
FNDA:0,(anonymous_25)
FNDA:0,(anonymous_26)
FNDA:0,(anonymous_27)
DA:1,2
DA:2,2
DA:3,2
DA:4,2
DA:5,2
DA:6,2
DA:9,15
DA:13,46
DA:14,44
DA:20,2
DA:24,120
DA:25,120
DA:26,120
DA:27,120
DA:30,120
DA:32,120
DA:34,120
DA:35,18
DA:38,18
DA:39,0
DA:42,120
DA:43,36
DA:44,35
DA:45,35
DA:46,29
DA:47,7
DA:50,120
DA:51,2
DA:54,2
DA:55,0
DA:58,120
DA:59,12
DA:60,12
DA:61,12
DA:64,12
DA:65,11
DA:67,11
DA:74,4
DA:75,8
DA:78,120
DA:79,2
DA:82,2
DA:83,0
DA:86,120
DA:87,0
DA:90,0
DA:96,0
DA:97,0
DA:100,120
DA:103,2
LF:50
LH:43
BRDA:13,0,0,44
BRDA:13,0,1,2
BRF:2
BRH:2
end_of_record
TN:
SF:/Users/erwin/Projects/cms/cms-api/src/App/User/index.js
FN:4,index
FNF:1
FNH:1
FNDA:120,index
DA:1,2
DA:2,2
DA:4,2
DA:5,120
DA:6,120
DA:8,120
LF:6
LH:6
BRF:0
BRH:0
end_of_record
TN:
SF:/Users/erwin/Projects/cms/cms-api/src/App/_helpers/database.js
FN:5,createModel
FN:8,(anonymous_1)
FN:9,(anonymous_2)
FN:17,(anonymous_3)
FN:24,createDatabase
FN:36,(anonymous_5)
FNF:6
FNH:5
FNDA:840,createModel
FNDA:1200,(anonymous_1)
FNDA:840,(anonymous_2)
FNDA:480,(anonymous_3)
FNDA:120,createDatabase
FNDA:0,(anonymous_5)
DA:1,2
DA:2,2
DA:3,2
DA:6,840
DA:7,840
DA:8,1200
DA:9,840
DA:12,840
DA:17,840
DA:18,480
DA:21,840
DA:25,120
DA:33,120
DA:36,0
DA:45,2
LF:15
LH:14
BRDA:5,0,0,0
BRDA:6,1,0,360
BRDA:24,2,0,120
BRDA:24,3,0,120
BRF:4
BRH:3
end_of_record
TN:
SF:/Users/erwin/Projects/cms/cms-api/src/App/_helpers/jwt.js
FN:10,generateToken
FN:11,(anonymous_1)
FN:23,(anonymous_2)
FN:32,verifyToken
FN:33,(anonymous_4)
FN:45,(anonymous_5)
FNF:6
FNH:6
FNDA:4,generateToken
FNDA:4,(anonymous_1)
FNDA:3,(anonymous_2)
FNDA:3,verifyToken
FNDA:3,(anonymous_4)
FNDA:2,(anonymous_5)
DA:1,3
DA:3,3
DA:4,3
DA:6,3
DA:11,4
DA:12,4
DA:13,1
DA:15,3
DA:24,3
DA:26,3
DA:33,3
DA:34,3
DA:35,1
DA:38,2
DA:46,2
DA:48,2
DA:54,3
LF:17
LH:17
BRDA:12,0,0,1
BRDA:12,0,1,3
BRDA:24,1,0,0
BRDA:24,1,1,3
BRDA:34,2,0,1
BRDA:34,2,1,2
BRDA:46,3,0,1
BRDA:46,3,1,1
BRF:8
BRH:7
end_of_record
TN:
SF:/Users/erwin/Projects/cms/cms-api/src/App/_helpers/object.js
FN:1,replaceObjValues
FN:5,(anonymous_1)
FN:29,(anonymous_2)
FN:33,(anonymous_3)
FNF:4
FNH:4
FNDA:11959,replaceObjValues
FNDA:14495,(anonymous_1)
FNDA:426,(anonymous_2)
FNDA:10666,(anonymous_3)
DA:2,11959
DA:3,7283
DA:5,7283
DA:6,14495
DA:8,14495
DA:9,1260
DA:10,1202
DA:12,58
DA:14,13235
DA:15,7206
DA:16,843
DA:17,842
DA:19,1
DA:25,7283
DA:28,4676
DA:29,382
DA:30,426
DA:33,4294
DA:34,10666
DA:40,10666
DA:45,3
LF:21
LH:21
BRDA:1,0,0,0
BRDA:1,1,0,867
BRDA:2,2,0,7283
BRDA:2,2,1,4676
BRDA:8,3,0,1260
BRDA:8,3,1,13235
BRDA:9,4,0,1202
BRDA:9,4,1,58
BRDA:14,5,0,7206
BRDA:14,5,1,6029
BRDA:15,6,0,843
BRDA:15,6,1,6363
BRDA:16,7,0,842
BRDA:16,7,1,1
BRDA:28,8,0,382
BRDA:28,8,1,4294
BRDA:37,9,0,7884
BRDA:37,9,1,2782
BRF:18
BRH:17
end_of_record
TN:
SF:/Users/erwin/Projects/cms/cms-api/src/App/_helpers/password.js
FN:9,createHashedPassword
FN:12,(anonymous_1)
FN:15,comparePasswords
FN:16,(anonymous_3)
FNF:4
FNH:4
FNDA:48,createHashedPassword
FNDA:48,(anonymous_1)
FNDA:2,comparePasswords
FNDA:2,(anonymous_3)
DA:1,3
DA:3,3
DA:5,3
DA:10,48
DA:12,48
DA:16,2
DA:17,2
DA:18,1
DA:20,1
DA:24,3
LF:10
LH:10
BRDA:17,0,0,1
BRDA:17,0,1,1
BRF:2
BRH:2
end_of_record
TN:
SF:/Users/erwin/Projects/cms/cms-api/src/App/_helpers/validator.js
FN:8,requiredObjProps
FN:9,(anonymous_1)
FN:10,(anonymous_2)
FN:25,validateObj
FN:26,(anonymous_4)
FN:27,(anonymous_5)
FNF:6
FNH:6
FNDA:3,requiredObjProps
FNDA:3,(anonymous_1)
FNDA:6,(anonymous_2)
FNDA:52,validateObj
FNDA:52,(anonymous_4)
FNDA:50,(anonymous_5)
DA:1,3
DA:3,3
DA:9,3
DA:10,3
DA:11,6
DA:12,1
DA:21,2
DA:26,52
DA:27,52
DA:28,50
DA:30,50
DA:31,4
DA:45,48
DA:49,3
LF:14
LH:14
BRDA:8,0,0,0
BRDA:11,1,0,1
BRDA:11,1,1,5
BRDA:25,2,0,0
BRDA:30,3,0,4
BRDA:30,3,1,46
BRDA:30,4,0,50
BRDA:30,4,1,2
BRF:8
BRH:6
end_of_record
TN:
SF:/Users/erwin/Projects/cms/cms-api/src/App/_middlewares/admin.js
FN:3,verifyAdmin
FN:4,(anonymous_1)
FN:5,(anonymous_2)
FN:6,(anonymous_3)
FNF:4
FNH:4
FNDA:120,verifyAdmin
FNDA:140,(anonymous_1)
FNDA:140,(anonymous_2)
FNDA:140,(anonymous_3)
DA:1,2
DA:4,120
DA:5,140
DA:6,140
DA:7,140
DA:8,124
DA:10,16
DA:17,2
LF:8
LH:8
BRDA:7,0,0,124
BRDA:7,0,1,16
BRF:2
BRH:2
end_of_record
TN:
SF:/Users/erwin/Projects/cms/cms-api/src/App/_routers/byDomain.js
FN:4,validateUserAccessToDomain
FN:8,(anonymous_1)
FN:15,createRouter
FN:20,(anonymous_3)
FN:22,(anonymous_4)
FN:23,(anonymous_5)
FN:24,(anonymous_6)
FN:25,(anonymous_7)
FN:28,(anonymous_8)
FN:30,(anonymous_9)
FN:31,(anonymous_10)
FN:32,(anonymous_11)
FN:35,(anonymous_12)
FN:37,(anonymous_13)
FN:43,(anonymous_14)
FN:44,(anonymous_15)
FN:47,(anonymous_16)
FN:49,(anonymous_17)
FN:50,(anonymous_18)
FN:51,(anonymous_19)
FNF:20
FNH:1
FNDA:0,validateUserAccessToDomain
FNDA:0,(anonymous_1)
FNDA:600,createRouter
FNDA:0,(anonymous_3)
FNDA:0,(anonymous_4)
FNDA:0,(anonymous_5)
FNDA:0,(anonymous_6)
FNDA:0,(anonymous_7)
FNDA:0,(anonymous_8)
FNDA:0,(anonymous_9)
FNDA:0,(anonymous_10)
FNDA:0,(anonymous_11)
FNDA:0,(anonymous_12)
FNDA:0,(anonymous_13)
FNDA:0,(anonymous_14)
FNDA:0,(anonymous_15)
FNDA:0,(anonymous_16)
FNDA:0,(anonymous_17)
FNDA:0,(anonymous_18)
FNDA:0,(anonymous_19)
DA:1,2
DA:2,2
DA:5,0
DA:9,0
DA:10,0
DA:15,2
DA:16,600
DA:18,600
DA:20,600
DA:21,0
DA:22,0
DA:23,0
DA:24,0
DA:25,0
DA:28,600
DA:29,0
DA:30,0
DA:31,0
DA:32,0
DA:35,600
DA:36,0
DA:38,0
DA:43,0
DA:44,0
DA:47,600
DA:48,0
DA:49,0
DA:50,0
DA:51,0
DA:54,600
LF:30
LH:10
BRDA:6,0,0,0
BRDA:6,0,1,0
BRDA:6,0,2,0
BRDA:9,1,0,0
BRDA:9,1,1,0
BRDA:22,2,0,0
BRDA:22,2,1,0
BRF:7
BRH:0
end_of_record
