TN:
SF:/Users/erwin/Projects/cms/cms-api/src/_helpers/jwt.js
FN:9,generateToken
FN:10,(anonymous_1)
FN:17,(anonymous_2)
FN:24,verifyToken
FN:25,(anonymous_4)
FN:31,(anonymous_5)
FNF:6
FNH:6
FNDA:4,generateToken
FNDA:4,(anonymous_1)
FNDA:3,(anonymous_2)
FNDA:3,verifyToken
FNDA:3,(anonymous_4)
FNDA:2,(anonymous_5)
DA:1,1
DA:3,1
DA:4,1
DA:5,1
DA:10,4
DA:11,4
DA:13,3
DA:18,3
DA:19,3
DA:25,3
DA:26,3
DA:28,2
DA:32,2
DA:33,2
DA:38,1
LF:15
LH:15
BRDA:11,0,0,1
BRDA:11,0,1,3
BRDA:18,1,0,0
BRDA:18,1,1,3
BRDA:26,2,0,1
BRDA:26,2,1,2
BRDA:32,3,0,1
BRDA:32,3,1,1
BRF:8
BRH:7
end_of_record
TN:
SF:/Users/erwin/Projects/cms/cms-api/src/_helpers/password.js
FN:8,createHashedPassword
FN:10,(anonymous_1)
FN:13,comparePasswords
FN:15,(anonymous_3)
FNF:4
FNH:4
FNDA:4,createHashedPassword
FNDA:4,(anonymous_1)
FNDA:2,comparePasswords
FNDA:2,(anonymous_3)
DA:1,1
DA:3,1
DA:4,1
DA:9,4
DA:10,4
DA:14,2
DA:16,2
DA:17,1
DA:21,1
LF:9
LH:9
BRDA:16,0,0,1
BRDA:16,0,1,1
BRF:2
BRH:2
end_of_record
TN:
SF:/Users/erwin/Projects/cms/cms-api/src/_helpers/validator.js
FN:8,requiredObjProps
FN:10,(anonymous_1)
FN:11,(anonymous_2)
FN:21,validateObj
FN:23,(anonymous_4)
FN:24,(anonymous_5)
FNF:6
FNH:6
FNDA:3,requiredObjProps
FNDA:3,(anonymous_1)
FNDA:6,(anonymous_2)
FNDA:4,validateObj
FNDA:4,(anonymous_4)
FNDA:4,(anonymous_5)
DA:1,1
DA:3,1
DA:9,3
DA:11,3
DA:12,6
DA:13,1
DA:17,2
DA:22,4
DA:24,4
DA:25,4
DA:26,4
DA:28,4
DA:29,2
DA:37,2
DA:41,1
LF:15
LH:15
BRDA:8,0,0,0
BRDA:12,1,0,1
BRDA:12,1,1,5
BRDA:28,2,0,2
BRDA:28,2,1,2
BRDA:28,3,0,4
BRDA:28,3,1,2
BRF:7
BRH:6
end_of_record
